\\cs-fs01\profiles\ug\bzpetras\desktop\dlod\dlod\dontsubmit\inter\debug\vc140.pdb
\\cs-fs01\profiles\ug\bzpetras\desktop\dlod\dlod\dontsubmit\inter\debug\vc140.idb
\\cs-fs01\profiles\ug\bzpetras\desktop\dlod\dlod\dontsubmit\inter\debug\glad.obj
\\cs-fs01\profiles\ug\bzpetras\desktop\dlod\dlod\dontsubmit\inter\debug\gamestate.obj
\\cs-fs01\profiles\ug\bzpetras\desktop\dlod\dlod\dontsubmit\inter\debug\gametimer.obj
\\cs-fs01\profiles\ug\bzpetras\desktop\dlod\dlod\dontsubmit\inter\debug\geo.obj
\\cs-fs01\profiles\ug\bzpetras\desktop\dlod\dlod\dontsubmit\inter\debug\healthpack.obj
\\cs-fs01\profiles\ug\bzpetras\desktop\dlod\dlod\dontsubmit\inter\debug\heavyvehicle.obj
\\cs-fs01\profiles\ug\bzpetras\desktop\dlod\dlod\dontsubmit\inter\debug\human.obj
\\cs-fs01\profiles\ug\bzpetras\desktop\dlod\dlod\dontsubmit\inter\debug\item.obj
\\cs-fs01\profiles\ug\bzpetras\desktop\dlod\dlod\dontsubmit\inter\debug\light.obj
\\cs-fs01\profiles\ug\bzpetras\desktop\dlod\dlod\dontsubmit\inter\debug\lightvehicle.obj
\\cs-fs01\profiles\ug\bzpetras\desktop\dlod\dlod\dontsubmit\inter\debug\mediumvehicle.obj
\\cs-fs01\profiles\ug\bzpetras\desktop\dlod\dlod\dontsubmit\inter\debug\mesh.obj
\\cs-fs01\profiles\ug\bzpetras\desktop\dlod\dlod\dontsubmit\inter\debug\physxmain.obj
\\cs-fs01\profiles\ug\bzpetras\desktop\dlod\dlod\dontsubmit\inter\debug\player.obj
\\cs-fs01\profiles\ug\bzpetras\desktop\dlod\dlod\dontsubmit\inter\debug\shader.obj
\\cs-fs01\profiles\ug\bzpetras\desktop\dlod\dlod\dontsubmit\inter\debug\texture.obj
\\cs-fs01\profiles\ug\bzpetras\desktop\dlod\dlod\dontsubmit\inter\debug\trap.obj
\\cs-fs01\profiles\ug\bzpetras\desktop\dlod\dlod\dontsubmit\inter\debug\trappack.obj
\\cs-fs01\profiles\ug\bzpetras\desktop\dlod\dlod\dontsubmit\inter\debug\utility.obj
\\cs-fs01\profiles\ug\bzpetras\desktop\dlod\dlod\dontsubmit\inter\debug\vehicle.obj
\\cs-fs01\profiles\ug\bzpetras\desktop\dlod\dlod\dontsubmit\inter\debug\ai.obj
\\cs-fs01\profiles\ug\bzpetras\desktop\dlod\dlod\dontsubmit\inter\debug\arena.obj
\\cs-fs01\profiles\ug\bzpetras\desktop\dlod\dlod\dontsubmit\inter\debug\armourpack.obj
\\cs-fs01\profiles\ug\bzpetras\desktop\dlod\dlod\dontsubmit\inter\debug\audio.obj
\\cs-fs01\profiles\ug\bzpetras\desktop\dlod\dlod\dontsubmit\inter\debug\camera.obj
\\cs-fs01\profiles\ug\bzpetras\desktop\dlod\dlod\dontsubmit\inter\debug\main.obj
\\cs-fs01\profiles\ug\bzpetras\desktop\dlod\dlod\dontsubmit\inter\debug\xboxcontroller.obj
\\cs-fs01\profiles\ug\bzpetras\desktop\dlod\dlod\dontsubmit\inter\debug\snippetvehiclecreate.obj
\\cs-fs01\profiles\ug\bzpetras\desktop\dlod\dlod\dontsubmit\inter\debug\snippetvehiclefiltershader.obj
\\cs-fs01\profiles\ug\bzpetras\desktop\dlod\dlod\dontsubmit\inter\debug\snippetvehiclenodrivecreate.obj
\\cs-fs01\profiles\ug\bzpetras\desktop\dlod\dlod\dontsubmit\inter\debug\snippetvehicleraycast.obj
\\cs-fs01\profiles\ug\bzpetras\desktop\dlod\dlod\dontsubmit\inter\debug\snippetvehicletirefriction.obj
\\cs-fs01\profiles\ug\bzpetras\desktop\dlod\dlod\dontsubmit\bin\debug\boilerplate.ilk
\\cs-fs01\profiles\ug\bzpetras\desktop\dlod\dlod\dontsubmit\bin\debug\boilerplate.exe
\\cs-fs01\profiles\ug\bzpetras\desktop\dlod\dlod\dontsubmit\bin\debug\boilerplate.pdb
\\cs-fs01\profiles\ug\bzpetras\desktop\dlod\dlod\dontsubmit\inter\debug\snippetvehicle4wcreate.obj
\\cs-fs01\profiles\ug\bzpetras\desktop\dlod\dlod\dontsubmit\inter\debug\boilerplate.tlog\cl.command.1.tlog
\\cs-fs01\profiles\ug\bzpetras\desktop\dlod\dlod\dontsubmit\inter\debug\boilerplate.tlog\cl.read.1.tlog
\\cs-fs01\profiles\ug\bzpetras\desktop\dlod\dlod\dontsubmit\inter\debug\boilerplate.tlog\cl.write.1.tlog
\\cs-fs01\profiles\ug\bzpetras\desktop\dlod\dlod\dontsubmit\inter\debug\boilerplate.tlog\link.11004.delete.1.tlog
\\cs-fs01\profiles\ug\bzpetras\desktop\dlod\dlod\dontsubmit\inter\debug\boilerplate.tlog\link.14424.delete.1.tlog
\\cs-fs01\profiles\ug\bzpetras\desktop\dlod\dlod\dontsubmit\inter\debug\boilerplate.tlog\link.15252.delete.1.tlog
\\cs-fs01\profiles\ug\bzpetras\desktop\dlod\dlod\dontsubmit\inter\debug\boilerplate.tlog\link.15408.delete.1.tlog
\\cs-fs01\profiles\ug\bzpetras\desktop\dlod\dlod\dontsubmit\inter\debug\boilerplate.tlog\link.15584.delete.1.tlog
\\cs-fs01\profiles\ug\bzpetras\desktop\dlod\dlod\dontsubmit\inter\debug\boilerplate.tlog\link.16100.delete.1.tlog
\\cs-fs01\profiles\ug\bzpetras\desktop\dlod\dlod\dontsubmit\inter\debug\boilerplate.tlog\link.18480.delete.1.tlog
\\cs-fs01\profiles\ug\bzpetras\desktop\dlod\dlod\dontsubmit\inter\debug\boilerplate.tlog\link.19632.delete.1.tlog
\\cs-fs01\profiles\ug\bzpetras\desktop\dlod\dlod\dontsubmit\inter\debug\boilerplate.tlog\link.20748.delete.1.tlog
\\cs-fs01\profiles\ug\bzpetras\desktop\dlod\dlod\dontsubmit\inter\debug\boilerplate.tlog\link.21472.delete.1.tlog
\\cs-fs01\profiles\ug\bzpetras\desktop\dlod\dlod\dontsubmit\inter\debug\boilerplate.tlog\link.22888.delete.1.tlog
\\cs-fs01\profiles\ug\bzpetras\desktop\dlod\dlod\dontsubmit\inter\debug\boilerplate.tlog\link.23080.delete.1.tlog
\\cs-fs01\profiles\ug\bzpetras\desktop\dlod\dlod\dontsubmit\inter\debug\boilerplate.tlog\link.27904.delete.1.tlog
\\cs-fs01\profiles\ug\bzpetras\desktop\dlod\dlod\dontsubmit\inter\debug\boilerplate.tlog\link.28116.delete.1.tlog
\\cs-fs01\profiles\ug\bzpetras\desktop\dlod\dlod\dontsubmit\inter\debug\boilerplate.tlog\link.31092.delete.1.tlog
\\cs-fs01\profiles\ug\bzpetras\desktop\dlod\dlod\dontsubmit\inter\debug\boilerplate.tlog\link.31224.delete.1.tlog
\\cs-fs01\profiles\ug\bzpetras\desktop\dlod\dlod\dontsubmit\inter\debug\boilerplate.tlog\link.31724.delete.1.tlog
\\cs-fs01\profiles\ug\bzpetras\desktop\dlod\dlod\dontsubmit\inter\debug\boilerplate.tlog\link.32556.delete.1.tlog
\\cs-fs01\profiles\ug\bzpetras\desktop\dlod\dlod\dontsubmit\inter\debug\boilerplate.tlog\link.5528.delete.1.tlog
\\cs-fs01\profiles\ug\bzpetras\desktop\dlod\dlod\dontsubmit\inter\debug\boilerplate.tlog\link.6304.delete.1.tlog
\\cs-fs01\profiles\ug\bzpetras\desktop\dlod\dlod\dontsubmit\inter\debug\boilerplate.tlog\link.7060.delete.1.tlog
\\cs-fs01\profiles\ug\bzpetras\desktop\dlod\dlod\dontsubmit\inter\debug\boilerplate.tlog\link.9616.delete.1.tlog
\\cs-fs01\profiles\ug\bzpetras\desktop\dlod\dlod\dontsubmit\inter\debug\boilerplate.tlog\link.command.1.tlog
\\cs-fs01\profiles\ug\bzpetras\desktop\dlod\dlod\dontsubmit\inter\debug\boilerplate.tlog\link.delete.1.tlog
\\cs-fs01\profiles\ug\bzpetras\desktop\dlod\dlod\dontsubmit\inter\debug\boilerplate.tlog\link.read.1.tlog
\\cs-fs01\profiles\ug\bzpetras\desktop\dlod\dlod\dontsubmit\inter\debug\boilerplate.tlog\link.write.1.tlog
