b:\desktop\dlod\dlod\dontsubmit\inter\release\vc140.pdb
b:\desktop\dlod\dlod\dontsubmit\inter\release\glad.obj
b:\desktop\dlod\dlod\dontsubmit\inter\release\shader.obj
b:\desktop\dlod\dlod\dontsubmit\inter\release\player.obj
b:\desktop\dlod\dlod\dontsubmit\inter\release\physxmain.obj
b:\desktop\dlod\dlod\dontsubmit\inter\release\mesh.obj
b:\desktop\dlod\dlod\dontsubmit\inter\release\mediumvehicle.obj
b:\desktop\dlod\dlod\dontsubmit\inter\release\main.obj
b:\desktop\dlod\dlod\dontsubmit\inter\release\lightvehicle.obj
b:\desktop\dlod\dlod\dontsubmit\inter\release\light.obj
b:\desktop\dlod\dlod\dontsubmit\inter\release\item.obj
b:\desktop\dlod\dlod\dontsubmit\inter\release\human.obj
b:\desktop\dlod\dlod\dontsubmit\inter\release\heavyvehicle.obj
b:\desktop\dlod\dlod\dontsubmit\inter\release\healthpack.obj
b:\desktop\dlod\dlod\dontsubmit\inter\release\geo.obj
b:\desktop\dlod\dlod\dontsubmit\inter\release\gametimer.obj
b:\desktop\dlod\dlod\dontsubmit\inter\release\gamestate.obj
b:\desktop\dlod\dlod\dontsubmit\inter\release\camera.obj
b:\desktop\dlod\dlod\dontsubmit\inter\release\audio.obj
b:\desktop\dlod\dlod\dontsubmit\inter\release\armourpack.obj
b:\desktop\dlod\dlod\dontsubmit\inter\release\arena.obj
b:\desktop\dlod\dlod\dontsubmit\inter\release\ai.obj
b:\desktop\dlod\dlod\dontsubmit\inter\release\vehicle.obj
b:\desktop\dlod\dlod\dontsubmit\inter\release\utility.obj
b:\desktop\dlod\dlod\dontsubmit\inter\release\trappack.obj
b:\desktop\dlod\dlod\dontsubmit\inter\release\trap.obj
b:\desktop\dlod\dlod\dontsubmit\inter\release\texture.obj
b:\desktop\dlod\dlod\dontsubmit\bin\release\boilerplate.exe
b:\desktop\dlod\dlod\dontsubmit\bin\release\boilerplate.pdb
b:\desktop\dlod\dlod\dontsubmit\inter\release\boilerplate.tlog\cl.command.1.tlog
b:\desktop\dlod\dlod\dontsubmit\inter\release\boilerplate.tlog\cl.read.1.tlog
b:\desktop\dlod\dlod\dontsubmit\inter\release\boilerplate.tlog\cl.write.1.tlog
b:\desktop\dlod\dlod\dontsubmit\inter\release\boilerplate.tlog\link.command.1.tlog
b:\desktop\dlod\dlod\dontsubmit\inter\release\boilerplate.tlog\link.read.1.tlog
b:\desktop\dlod\dlod\dontsubmit\inter\release\boilerplate.tlog\link.write.1.tlog
